

============================== 2022-09-26 05:32:32.458488 | b11cddc0-646e-4467-a791-58e838070f75 ==============================
05:32:32.458488 [info ] [MainThread]: Running with dbt=1.0.6
05:32:32.459944 [debug] [MainThread]: running dbt with arguments Namespace(record_timing_info=None, debug=None, log_format=None, write_json=None, use_colors=None, printer_width=None, warn_error=None, version_check=None, partial_parse=None, single_threaded=False, use_experimental_parser=None, static_parser=None, profiles_dir='C:\\Users\\vs255034\\.dbt', send_anonymous_usage_stats=None, fail_fast=None, event_buffer_size=None, project_dir=None, profile=None, target=None, vars='{}', log_cache_events=False, config_dir=False, defer=None, state=None, cls=<class 'dbt.task.debug.DebugTask'>, which='debug', rpc_method=None)
05:32:32.461429 [debug] [MainThread]: Tracking: tracking
05:32:32.534847 [debug] [MainThread]: Sending event: {'category': 'dbt', 'action': 'invocation', 'label': 'start', 'context': [<snowplow_tracker.self_describing_json.SelfDescribingJson object at 0x000002833871E310>, <snowplow_tracker.self_describing_json.SelfDescribingJson object at 0x000002833871EAC0>, <snowplow_tracker.self_describing_json.SelfDescribingJson object at 0x000002833871E3A0>]}
05:32:32.800794 [debug] [MainThread]: Executing "git --help"
05:32:32.890880 [debug] [MainThread]: STDOUT: "b"usage: git [-v | --version] [-h | --help] [-C <path>] [-c <name>=<value>]\n           [--exec-path[=<path>]] [--html-path] [--man-path] [--info-path]\n           [-p | --paginate | -P | --no-pager] [--no-replace-objects] [--bare]\n           [--git-dir=<path>] [--work-tree=<path>] [--namespace=<name>]\n           [--super-prefix=<path>] [--config-env=<name>=<envvar>]\n           <command> [<args>]\n\nThese are common Git commands used in various situations:\n\nstart a working area (see also: git help tutorial)\n   clone     Clone a repository into a new directory\n   init      Create an empty Git repository or reinitialize an existing one\n\nwork on the current change (see also: git help everyday)\n   add       Add file contents to the index\n   mv        Move or rename a file, a directory, or a symlink\n   restore   Restore working tree files\n   rm        Remove files from the working tree and from the index\n\nexamine the history and state (see also: git help revisions)\n   bisect    Use binary search to find the commit that introduced a bug\n   diff      Show changes between commits, commit and working tree, etc\n   grep      Print lines matching a pattern\n   log       Show commit logs\n   show      Show various types of objects\n   status    Show the working tree status\n\ngrow, mark and tweak your common history\n   branch    List, create, or delete branches\n   commit    Record changes to the repository\n   merge     Join two or more development histories together\n   rebase    Reapply commits on top of another base tip\n   reset     Reset current HEAD to the specified state\n   switch    Switch branches\n   tag       Create, list, delete or verify a tag object signed with GPG\n\ncollaborate (see also: git help workflows)\n   fetch     Download objects and refs from another repository\n   pull      Fetch from and integrate with another repository or a local branch\n   push      Update remote refs along with associated objects\n\n'git help -a' and 'git help -g' list available subcommands and some\nconcept guides. See 'git help <command>' or 'git help <concept>'\nto read about a specific subcommand or concept.\nSee 'git help git' for an overview of the system.\n""
05:32:32.892338 [debug] [MainThread]: STDERR: "b''"
05:32:32.922477 [debug] [MainThread]: Acquiring new teradata connection "debug"
05:32:32.923473 [debug] [MainThread]: Using teradata connection "debug"
05:32:32.924470 [debug] [MainThread]: On debug: select 1 as id
05:32:32.924871 [debug] [MainThread]: Opening a new connection, currently in state init
05:32:52.916835 [debug] [MainThread]: SQL status: OK in 19.99 seconds
05:32:52.920492 [debug] [MainThread]: On debug: Close
05:32:53.279463 [debug] [MainThread]: Sending event: {'category': 'dbt', 'action': 'invocation', 'label': 'end', 'context': [<snowplow_tracker.self_describing_json.SelfDescribingJson object at 0x0000028339794460>, <snowplow_tracker.self_describing_json.SelfDescribingJson object at 0x00000283387BF9D0>, <snowplow_tracker.self_describing_json.SelfDescribingJson object at 0x00000283387BFB50>]}
05:32:55.290411 [debug] [MainThread]: Connection 'debug' was properly closed.


============================== 2022-09-26 07:37:33.960396 | 221eb87e-b1a5-4bfc-b286-f4d4313ce284 ==============================
07:37:33.960396 [info ] [MainThread]: Running with dbt=1.0.6
07:37:33.961413 [debug] [MainThread]: running dbt with arguments Namespace(record_timing_info=None, debug=None, log_format=None, write_json=None, use_colors=None, printer_width=None, warn_error=None, version_check=None, partial_parse=None, single_threaded=False, use_experimental_parser=None, static_parser=None, profiles_dir='C:\\Users\\vs255034\\.dbt', send_anonymous_usage_stats=None, fail_fast=None, event_buffer_size=None, project_dir=None, profile=None, target=None, vars='{}', log_cache_events=False, project_name=None, skip_profile_setup=False, defer=None, state=None, cls=<class 'dbt.task.init.InitTask'>, which='init', rpc_method=None)
07:37:33.961413 [debug] [MainThread]: Tracking: tracking
07:37:33.988209 [debug] [MainThread]: Sending event: {'category': 'dbt', 'action': 'invocation', 'label': 'start', 'context': [<snowplow_tracker.self_describing_json.SelfDescribingJson object at 0x0000019C2D0AF550>, <snowplow_tracker.self_describing_json.SelfDescribingJson object at 0x0000019C2D0AFD00>, <snowplow_tracker.self_describing_json.SelfDescribingJson object at 0x0000019C2D0AF5E0>]}
08:21:44.266163 [debug] [MainThread]: Starter project path: C:\Users\vs255034\Desktop\dbt-teradata\dbt_teradata_env\lib\site-packages\dbt\include\starter_project
08:21:46.563578 [info ] [MainThread]: 
Your new dbt project "dbt_teradata" was created!

For more information on how to configure the profiles.yml file,
please consult the dbt documentation here:

  https://docs.getdbt.com/docs/configure-your-profile

One more thing:

Need help? Don't hesitate to reach out to us via GitHub issues or on Slack:

  https://community.getdbt.com/

Happy modeling!

08:21:46.565690 [debug] [MainThread]: Sending event: {'category': 'dbt', 'action': 'invocation', 'label': 'end', 'context': [<snowplow_tracker.self_describing_json.SelfDescribingJson object at 0x0000019C2D0B7220>, <snowplow_tracker.self_describing_json.SelfDescribingJson object at 0x0000019C2D0B73A0>, <snowplow_tracker.self_describing_json.SelfDescribingJson object at 0x0000019C2D0B76D0>]}
